--------------------------------------------------------------------------------
Release 14.7 Trace  (nt64)
Copyright (c) 1995-2013 Xilinx, Inc.  All rights reserved.

C:\Xilinx\14.7\ISE_DS\ISE\bin\nt64\unwrapped\trce.exe -intstyle ise -v 3 -s 3
-n 3 -fastpaths -xml Mod82.twx Mod82.ncd -o Mod82.twr Mod82.pcf -ucf Mod82.ucf

Design file:              Mod82.ncd
Physical constraint file: Mod82.pcf
Device,package,speed:     xc6slx9,tqg144,C,-3 (PRODUCTION 1.23 2013-10-13)
Report level:             verbose report

Environment Variable      Effect 
--------------------      ------ 
NONE                      No environment variables were set
--------------------------------------------------------------------------------

INFO:Timing:2698 - No timing constraints found, doing default enumeration.
INFO:Timing:3412 - To improve timing, see the Timing Closure User Guide (UG612).
INFO:Timing:2752 - To get complete path coverage, use the unconstrained paths 
   option. All paths that are not constrained will be reported in the 
   unconstrained paths section(s) of the report.
INFO:Timing:3339 - The clock-to-out numbers in this timing report are based on 
   a 50 Ohm transmission line loading model.  For the details of this model, 
   and for more information on accounting for different loading conditions, 
   please see the device datasheet.



Data Sheet report:
-----------------
All values displayed in nanoseconds (ns)

Pad to Pad
---------------+---------------+---------+
Source Pad     |Destination Pad|  Delay  |
---------------+---------------+---------+
CK             |ba             |   17.344|
CK             |bb             |   17.469|
CK             |bc             |   17.245|
CK             |bd             |   17.211|
CK             |be             |   17.255|
CK             |bf             |   17.269|
CK             |bg             |   17.162|
CLR            |ba             |   16.916|
CLR            |bb             |   17.041|
CLR            |bc             |   16.817|
CLR            |bd             |   16.783|
CLR            |be             |   16.827|
CLR            |bf             |   16.841|
CLR            |bg             |   16.734|
SET            |ba             |   16.174|
SET            |bb             |   16.299|
SET            |bc             |   16.075|
SET            |bd             |   16.041|
SET            |be             |   16.085|
SET            |bf             |   16.099|
SET            |bg             |   15.992|
---------------+---------------+---------+


Analysis completed Wed Dec 01 14:12:54 2021 
--------------------------------------------------------------------------------

Trace Settings:
-------------------------
Trace Settings 

Peak Memory Usage: 4571 MB



