Release 14.7 - xst P.20131013 (nt64)
Copyright (c) 1995-2013 Xilinx, Inc.  All rights reserved.
--> Parameter TMPDIR set to xst/projnav.tmp


Total REAL time to Xst completion: 0.00 secs
Total CPU time to Xst completion: 0.23 secs
 
--> Parameter xsthdpdir set to xst


Total REAL time to Xst completion: 0.00 secs
Total CPU time to Xst completion: 0.23 secs
 
--> Reading design: Mod5_D.prj

TABLE OF CONTENTS
  1) Synthesis Options Summary
  2) HDL Parsing
  3) HDL Elaboration
  4) HDL Synthesis
       4.1) HDL Synthesis Report
  5) Advanced HDL Synthesis
       5.1) Advanced HDL Synthesis Report
  6) Low Level Synthesis
  7) Partition Report
  8) Design Summary
       8.1) Primitive and Black Box Usage
       8.2) Device utilization summary
       8.3) Partition Resource Summary
       8.4) Timing Report
            8.4.1) Clock Information
            8.4.2) Asynchronous Control Signals Information
            8.4.3) Timing Summary
            8.4.4) Timing Details
            8.4.5) Cross Clock Domains Report


=========================================================================
*                      Synthesis Options Summary                        *
=========================================================================
---- Source Parameters
Input File Name                    : "Mod5_D.prj"
Ignore Synthesis Constraint File   : NO

---- Target Parameters
Output File Name                   : "Mod5_D"
Output Format                      : NGC
Target Device                      : xc6slx9-3-tqg144

---- Source Options
Top Module Name                    : Mod5_D
Automatic FSM Extraction           : YES
FSM Encoding Algorithm             : Auto
Safe Implementation                : No
FSM Style                          : LUT
RAM Extraction                     : Yes
RAM Style                          : Auto
ROM Extraction                     : Yes
Shift Register Extraction          : YES
ROM Style                          : Auto
Resource Sharing                   : YES
Asynchronous To Synchronous        : NO
Shift Register Minimum Size        : 2
Use DSP Block                      : Auto
Automatic Register Balancing       : No

---- Target Options
LUT Combining                      : Auto
Reduce Control Sets                : Auto
Add IO Buffers                     : YES
Global Maximum Fanout              : 100000
Add Generic Clock Buffer(BUFG)     : 16
Register Duplication               : YES
Optimize Instantiated Primitives   : NO
Use Clock Enable                   : Auto
Use Synchronous Set                : Auto
Use Synchronous Reset              : Auto
Pack IO Registers into IOBs        : Auto
Equivalent register Removal        : YES

---- General Options
Optimization Goal                  : Speed
Optimization Effort                : 1
Power Reduction                    : NO
Keep Hierarchy                     : No
Netlist Hierarchy                  : As_Optimized
RTL Output                         : Yes
Global Optimization                : AllClockNets
Read Cores                         : YES
Write Timing Constraints           : NO
Cross Clock Analysis               : NO
Hierarchy Separator                : /
Bus Delimiter                      : <>
Case Specifier                     : Maintain
Slice Utilization Ratio            : 100
BRAM Utilization Ratio             : 100
DSP48 Utilization Ratio            : 100
Auto BRAM Packing                  : NO
Slice Utilization Ratio Delta      : 5

=========================================================================


=========================================================================
*                          HDL Parsing                                  *
=========================================================================
Analyzing Verilog file "C:\usr\FPGA3\MOD5_D\JK_FF_NE.vf" into library work
Parsing module <JK_FF_NE>.
Analyzing Verilog file "C:\usr\FPGA3\MOD5_D\fnd7.vf" into library work
Parsing module <fnd7>.
Analyzing Verilog file "C:\usr\FPGA3\MOD5_D\fnd6.vf" into library work
Parsing module <fnd6>.
Analyzing Verilog file "C:\usr\FPGA3\MOD5_D\fnd5.vf" into library work
Parsing module <fnd5>.
Analyzing Verilog file "C:\usr\FPGA3\MOD5_D\fnd4.vf" into library work
Parsing module <fnd4>.
Analyzing Verilog file "C:\usr\FPGA3\MOD5_D\fnd3.vf" into library work
Parsing module <fnd3>.
Analyzing Verilog file "C:\usr\FPGA3\MOD5_D\fnd2.vf" into library work
Parsing module <fnd2>.
Analyzing Verilog file "C:\usr\FPGA3\MOD5_D\fnd1.vf" into library work
Parsing module <fnd1>.
Analyzing Verilog file "C:\usr\FPGA3\MOD5_D\Mod5.vf" into library work
Parsing module <JK_FF_NE_MUSER_Mod5>.
Parsing module <Mod5>.
Analyzing Verilog file "C:\usr\FPGA3\MOD5_D\fnd0.vf" into library work
Parsing module <fnd7_MUSER_fnd0>.
Parsing module <fnd6_MUSER_fnd0>.
Parsing module <fnd5_MUSER_fnd0>.
Parsing module <fnd4_MUSER_fnd0>.
Parsing module <fnd3_MUSER_fnd0>.
Parsing module <fnd2_MUSER_fnd0>.
Parsing module <fnd1_MUSER_fnd0>.
Parsing module <fnd0>.
Analyzing Verilog file "C:\usr\FPGA3\MOD5_D\Mod5_D.vf" into library work
Parsing module <fnd7_MUSER_Mod5_D>.
Parsing module <fnd6_MUSER_Mod5_D>.
Parsing module <fnd5_MUSER_Mod5_D>.
Parsing module <fnd4_MUSER_Mod5_D>.
Parsing module <fnd3_MUSER_Mod5_D>.
Parsing module <fnd2_MUSER_Mod5_D>.
Parsing module <fnd1_MUSER_Mod5_D>.
Parsing module <fnd0_MUSER_Mod5_D>.
Parsing module <JK_FF_NE_MUSER_Mod5_D>.
Parsing module <Mod5_MUSER_Mod5_D>.
Parsing module <Mod5_D>.

=========================================================================
*                            HDL Elaboration                            *
=========================================================================

Elaborating module <Mod5_D>.

Elaborating module <Mod5_MUSER_Mod5_D>.

Elaborating module <JK_FF_NE_MUSER_Mod5_D>.

Elaborating module <NAND2>.

Elaborating module <NAND3>.

Elaborating module <INV>.

Elaborating module <AND2>.

Elaborating module <VCC>.

Elaborating module <fnd0_MUSER_Mod5_D>.

Elaborating module <fnd1_MUSER_Mod5_D>.

Elaborating module <AND4>.

Elaborating module <AND3>.

Elaborating module <OR4>.

Elaborating module <fnd2_MUSER_Mod5_D>.

Elaborating module <fnd3_MUSER_Mod5_D>.

Elaborating module <OR3>.

Elaborating module <fnd4_MUSER_Mod5_D>.

Elaborating module <fnd5_MUSER_Mod5_D>.

Elaborating module <fnd6_MUSER_Mod5_D>.

Elaborating module <fnd7_MUSER_Mod5_D>.

Elaborating module <GND>.

=========================================================================
*                           HDL Synthesis                               *
=========================================================================

Synthesizing Unit <Mod5_D>.
    Related source file is "C:\usr\FPGA3\MOD5_D\Mod5_D.vf".
    Summary:
	no macro.
Unit <Mod5_D> synthesized.

Synthesizing Unit <Mod5_MUSER_Mod5_D>.
    Related source file is "C:\usr\FPGA3\MOD5_D\Mod5_D.vf".
INFO:Xst:3210 - "C:\usr\FPGA3\MOD5_D\Mod5_D.vf" line 536: Output port <bQ> of the instance <XLXI_1> is unconnected or connected to loadless signal.
INFO:Xst:3210 - "C:\usr\FPGA3\MOD5_D\Mod5_D.vf" line 543: Output port <bQ> of the instance <XLXI_2> is unconnected or connected to loadless signal.
    Summary:
	no macro.
Unit <Mod5_MUSER_Mod5_D> synthesized.

Synthesizing Unit <JK_FF_NE_MUSER_Mod5_D>.
    Related source file is "C:\usr\FPGA3\MOD5_D\Mod5_D.vf".
    Summary:
	no macro.
Unit <JK_FF_NE_MUSER_Mod5_D> synthesized.

Synthesizing Unit <fnd0_MUSER_Mod5_D>.
    Related source file is "C:\usr\FPGA3\MOD5_D\Mod5_D.vf".
    Summary:
	no macro.
Unit <fnd0_MUSER_Mod5_D> synthesized.

Synthesizing Unit <fnd1_MUSER_Mod5_D>.
    Related source file is "C:\usr\FPGA3\MOD5_D\Mod5_D.vf".
    Summary:
	no macro.
Unit <fnd1_MUSER_Mod5_D> synthesized.

Synthesizing Unit <fnd2_MUSER_Mod5_D>.
    Related source file is "C:\usr\FPGA3\MOD5_D\Mod5_D.vf".
    Summary:
	no macro.
Unit <fnd2_MUSER_Mod5_D> synthesized.

Synthesizing Unit <fnd3_MUSER_Mod5_D>.
    Related source file is "C:\usr\FPGA3\MOD5_D\Mod5_D.vf".
    Summary:
	no macro.
Unit <fnd3_MUSER_Mod5_D> synthesized.

Synthesizing Unit <fnd4_MUSER_Mod5_D>.
    Related source file is "C:\usr\FPGA3\MOD5_D\Mod5_D.vf".
    Summary:
	no macro.
Unit <fnd4_MUSER_Mod5_D> synthesized.

Synthesizing Unit <fnd5_MUSER_Mod5_D>.
    Related source file is "C:\usr\FPGA3\MOD5_D\Mod5_D.vf".
    Summary:
	no macro.
Unit <fnd5_MUSER_Mod5_D> synthesized.

Synthesizing Unit <fnd6_MUSER_Mod5_D>.
    Related source file is "C:\usr\FPGA3\MOD5_D\Mod5_D.vf".
    Summary:
	no macro.
Unit <fnd6_MUSER_Mod5_D> synthesized.

Synthesizing Unit <fnd7_MUSER_Mod5_D>.
    Related source file is "C:\usr\FPGA3\MOD5_D\Mod5_D.vf".
    Summary:
	no macro.
Unit <fnd7_MUSER_Mod5_D> synthesized.

=========================================================================
HDL Synthesis Report

Found no macro
=========================================================================

=========================================================================
*                       Advanced HDL Synthesis                          *
=========================================================================


=========================================================================
Advanced HDL Synthesis Report

Found no macro
=========================================================================

=========================================================================
*                         Low Level Synthesis                           *
=========================================================================
WARNING:Xst:2170 - Unit JK_FF_NE_MUSER_Mod5_D : the following signal(s) form a combinatorial loop: Q_DUMMY, XLXN_4, XLXN_5, bQ_DUMMY, XLXN_7.

Optimizing unit <Mod5_D> ...

Optimizing unit <JK_FF_NE_MUSER_Mod5_D> ...

Mapping all equations...
Building and optimizing final netlist ...
Found area constraint ratio of 100 (+ 5) on block Mod5_D, actual ratio is 0.

Final Macro Processing ...

=========================================================================
Final Register Report

Found no macro
=========================================================================

=========================================================================
*                           Partition Report                            *
=========================================================================

Partition Implementation Status
-------------------------------

  No Partitions were found in this design.

-------------------------------

=========================================================================
*                            Design Summary                             *
=========================================================================

Top Level Output File Name         : Mod5_D.ngc

Primitive and Black Box Usage:
------------------------------
# BELS                             : 72
#      AND2                        : 2
#      AND3                        : 13
#      AND4                        : 11
#      GND                         : 1
#      INV                         : 37
#      OR3                         : 3
#      OR4                         : 4
#      VCC                         : 1
# IO Buffers                       : 10
#      IBUF                        : 3
#      OBUF                        : 7
# Logical                          : 24
#      NAND2                       : 6
#      NAND3                       : 18

Device utilization summary:
---------------------------

Selected Device : 6slx9tqg144-3 


Slice Logic Utilization: 
 Number of Slice LUTs:                   37  out of   5720     0%  
    Number used as Logic:                37  out of   5720     0%  

Slice Logic Distribution: 
 Number of LUT Flip Flop pairs used:     37
   Number with an unused Flip Flop:      37  out of     37   100%  
   Number with an unused LUT:             0  out of     37     0%  
   Number of fully used LUT-FF pairs:     0  out of     37     0%  
   Number of unique control sets:         0

IO Utilization: 
 Number of IOs:                          10
 Number of bonded IOBs:                  10  out of    102     9%  

Specific Feature Utilization:

---------------------------
Partition Resource Summary:
---------------------------

  No Partitions were found in this design.

---------------------------


=========================================================================
Timing Report

NOTE: THESE TIMING NUMBERS ARE ONLY A SYNTHESIS ESTIMATE.
      FOR ACCURATE TIMING INFORMATION PLEASE REFER TO THE TRACE REPORT
      GENERATED AFTER PLACE-and-ROUTE.

Clock Information:
------------------
No clock signals found in this design

Asynchronous Control Signals Information:
----------------------------------------
No asynchronous control signals found in this design

Timing Summary:
---------------
Speed Grade: -3

   Minimum period: No path found
   Minimum input arrival time before clock: No path found
   Maximum output required time after clock: No path found
   Maximum combinational path delay: 34.235ns

Timing Details:
---------------
All values displayed in nanoseconds (ns)

=========================================================================
Timing constraint: Default path analysis
  Total number of paths / destination ports: 2576 / 7
-------------------------------------------------------------------------
Delay:               34.235ns (Levels of Logic = 26)
  Source:            CK (PAD)
  Destination:       bB (PAD)

  Data Path: CK to bB
                                Gate     Net
    Cell:in->out      fanout   Delay   Delay  Logical Name (Net Name)
    ----------------------------------------  ------------
     IBUF:I->O             9   1.222   1.194  CK_IBUF (CK_IBUF)
     NAND3:I0->O           1   0.203   0.924  XLXI_1/XLXI_2/XLXI_10 (XLXI_1/XLXI_2/XLXN_16)
     NAND3:I1->O           2   0.223   0.864  XLXI_1/XLXI_2/XLXI_14 (XLXI_1/XLXI_2/XLXN_25)
     NAND3:I2->O           2   0.320   0.981  XLXI_1/XLXI_2/XLXI_13 (XLXI_1/XLXI_2/XLXN_5)
     NAND2:I0->O           1   0.203   0.924  XLXI_1/XLXI_2/XLXI_4 (XLXI_1/XLXI_2/XLXN_7)
     NAND3:I1->O           2   0.223   0.981  XLXI_1/XLXI_2/XLXI_17 (XLXI_1/XLXI_2/bQ_DUMMY)
     NAND3:I0->O          20   0.203   1.457  XLXI_1/XLXI_2/XLXI_15 (XLXN_5)
     AND2:I0->O            1   0.203   0.924  XLXI_1/XLXI_4 (XLXI_1/XLXN_22)
     NAND3:I1->O           1   0.223   0.924  XLXI_1/XLXI_3/XLXI_10 (XLXI_1/XLXI_3/XLXN_16)
     NAND3:I1->O           2   0.223   0.961  XLXI_1/XLXI_3/XLXI_14 (XLXI_1/XLXI_3/XLXN_25)
     NAND2:I1->O           1   0.223   0.924  XLXI_1/XLXI_3/XLXI_3 (XLXI_1/XLXI_3/XLXN_3)
     NAND3:I1->O          22   0.223   1.498  XLXI_1/XLXI_3/XLXI_15 (XLXN_4)
     NAND3:I0->O           1   0.203   0.924  XLXI_1/XLXI_3/XLXI_8 (XLXI_1/XLXI_3/XLXN_4)
     NAND3:I1->O           2   0.223   0.981  XLXI_1/XLXI_3/XLXI_13 (XLXI_1/XLXI_3/XLXN_5)
     NAND2:I0->O           1   0.203   0.924  XLXI_1/XLXI_3/XLXI_4 (XLXI_1/XLXI_3/XLXN_7)
     NAND3:I1->O           3   0.223   0.995  XLXI_1/XLXI_3/XLXI_17 (XLXI_1/XLXN_24)
     NAND3:I1->O           1   0.223   0.924  XLXI_1/XLXI_1/XLXI_10 (XLXI_1/XLXI_1/XLXN_16)
     NAND3:I1->O           2   0.223   0.864  XLXI_1/XLXI_1/XLXI_14 (XLXI_1/XLXI_1/XLXN_25)
     NAND3:I2->O           2   0.320   0.981  XLXI_1/XLXI_1/XLXI_13 (XLXI_1/XLXI_1/XLXN_5)
     NAND2:I0->O           1   0.203   0.924  XLXI_1/XLXI_1/XLXI_4 (XLXI_1/XLXI_1/XLXN_7)
     NAND3:I1->O           2   0.223   0.981  XLXI_1/XLXI_1/XLXI_17 (XLXI_1/XLXI_1/bQ_DUMMY)
     NAND3:I0->O          25   0.203   1.192  XLXI_1/XLXI_1/XLXI_15 (XLXN_6)
     INV:I->O              2   0.568   0.981  XLXI_3/XLXI_2/XLXI_4 (XLXI_3/XLXI_2/XLXN_18)
     AND4:I0->O            1   0.203   0.827  XLXI_3/XLXI_2/XLXI_6 (XLXI_3/XLXI_2/XLXN_24)
     OR4:I2->O             1   0.320   0.579  XLXI_3/XLXI_2/XLXI_9 (bB_OBUF)
     OBUF:I->O                 2.571          bB_OBUF (bB)
    ----------------------------------------
    Total                     34.235ns (9.601ns logic, 24.634ns route)
                                       (28.0% logic, 72.0% route)

=========================================================================

Cross Clock Domains Report:
--------------------------

=========================================================================


Total REAL time to Xst completion: 6.00 secs
Total CPU time to Xst completion: 5.98 secs
 
--> 

Total memory usage is 4485808 kilobytes

Number of errors   :    0 (   0 filtered)
Number of warnings :    1 (   0 filtered)
Number of infos    :    2 (   0 filtered)

