Release 14.7 Map P.20131013 (nt64)
Xilinx Mapping Report File for Design 'Mod5_D'

Design Information
------------------
Command Line   : map -intstyle ise -p xc6slx9-tqg144-3 -w -logic_opt off -ol
high -t 1 -xt 0 -register_duplication off -r 4 -global_opt off -mt off -ir off
-pr off -lc off -power off -o Mod5_D_map.ncd Mod5_D.ngd Mod5_D.pcf 
Target Device  : xc6slx9
Target Package : tqg144
Target Speed   : -3
Mapper Version : spartan6 -- $Revision: 1.55 $
Mapped Date    : Wed Dec 01 11:31:04 2021

Design Summary
--------------
Number of errors:      0
Number of warnings:    0
Slice Logic Utilization:
  Number of Slice Registers:                     0 out of  11,440    0%
  Number of Slice LUTs:                         19 out of   5,720    1%
    Number used as logic:                       19 out of   5,720    1%
      Number using O6 output only:              19
      Number using O5 output only:               0
      Number using O5 and O6:                    0
      Number used as ROM:                        0
    Number used as Memory:                       0 out of   1,440    0%

Slice Logic Distribution:
  Number of occupied Slices:                    10 out of   1,430    1%
  Number of MUXCYs used:                         0 out of   2,860    0%
  Number of LUT Flip Flop pairs used:           19
    Number with an unused Flip Flop:            19 out of      19  100%
    Number with an unused LUT:                   0 out of      19    0%
    Number of fully used LUT-FF pairs:           0 out of      19    0%
    Number of slice register sites lost
      to control set restrictions:               0 out of  11,440    0%

  A LUT Flip Flop pair for this architecture represents one LUT paired with
  one Flip Flop within a slice.  A control set is a unique combination of
  clock, reset, set, and enable signals for a registered element.
  The Slice Logic Distribution report is not meaningful if the design is
  over-mapped for a non-slice resource or if Placement fails.

IO Utilization:
  Number of bonded IOBs:                        10 out of     102    9%
    Number of LOCed IOBs:                       10 out of      10  100%

Specific Feature Utilization:
  Number of RAMB16BWERs:                         0 out of      32    0%
  Number of RAMB8BWERs:                          0 out of      64    0%
  Number of BUFIO2/BUFIO2_2CLKs:                 0 out of      32    0%
  Number of BUFIO2FB/BUFIO2FB_2CLKs:             0 out of      32    0%
  Number of BUFG/BUFGMUXs:                       0 out of      16    0%
  Number of DCM/DCM_CLKGENs:                     0 out of       4    0%
  Number of ILOGIC2/ISERDES2s:                   0 out of     200    0%
  Number of IODELAY2/IODRP2/IODRP2_MCBs:         0 out of     200    0%
  Number of OLOGIC2/OSERDES2s:                   0 out of     200    0%
  Number of BSCANs:                              0 out of       4    0%
  Number of BUFHs:                               0 out of     128    0%
  Number of BUFPLLs:                             0 out of       8    0%
  Number of BUFPLL_MCBs:                         0 out of       4    0%
  Number of DSP48A1s:                            0 out of      16    0%
  Number of ICAPs:                               0 out of       1    0%
  Number of MCBs:                                0 out of       2    0%
  Number of PCILOGICSEs:                         0 out of       2    0%
  Number of PLL_ADVs:                            0 out of       2    0%
  Number of PMVs:                                0 out of       1    0%
  Number of STARTUPs:                            0 out of       1    0%
  Number of SUSPEND_SYNCs:                       0 out of       1    0%

Average Fanout of Non-Clock Nets:                3.68

Peak Memory Usage:  4493 MB
Total REAL time to MAP completion:  5 secs 
Total CPU time to MAP completion:   5 secs 

Table of Contents
-----------------
Section 1 - Errors
Section 2 - Warnings
Section 3 - Informational
Section 4 - Removed Logic Summary
Section 5 - Removed Logic
Section 6 - IOB Properties
Section 7 - RPMs
Section 8 - Guide Report
Section 9 - Area Group and Partition Summary
Section 10 - Timing Report
Section 11 - Configuration String Information
Section 12 - Control Set Information
Section 13 - Utilization by Hierarchy

Section 1 - Errors
------------------

Section 2 - Warnings
--------------------

Section 3 - Informational
-------------------------
INFO:MapLib:562 - No environment variables are currently set.
INFO:LIT:244 - All of the single ended outputs in this design are using slew
   rate limited output drivers. The delay on speed critical single ended outputs
   can be dramatically reduced by designating them as fast outputs.
INFO:Pack:1716 - Initializing temperature to 85.000 Celsius. (default - Range:
   0.000 to 85.000 Celsius)
INFO:Pack:1720 - Initializing voltage to 1.140 Volts. (default - Range: 1.140 to
   1.260 Volts)
INFO:Map:215 - The Interim Design Summary has been generated in the MAP Report
   (.mrp).
INFO:Pack:1650 - Map created a placed design.

Section 4 - Removed Logic Summary
---------------------------------
   6 block(s) removed
  18 block(s) optimized away
   2 signal(s) removed

Section 5 - Removed Logic
-------------------------

The trimmed logic report below shows the logic removed from your design due to
sourceless or loadless signals, and VCC or ground connections.  If the removal
of a signal or symbol results in the subsequent removal of an additional signal
or symbol, the message explaining that second removal will be indented.  This
indentation will be repeated as a chain of related logic is removed.

To quickly locate the original cause for the removal of a chain of logic, look
above the place where that logic is listed in the trimming report, then locate
the lines that are least indented (begin at the leftmost edge).

Loadless block "XLXI_3/XLXI_2/XLXI_2" (BUF) removed.
Loadless block "XLXI_3/XLXI_3/XLXI_3" (BUF) removed.
Loadless block "XLXI_3/XLXI_5/XLXI_4" (BUF) removed.
Loadless block "XLXI_3/XLXI_6/XLXI_4" (BUF) removed.

The trimmed logic reported below is either:
   1. part of a cycle
   2. part of disabled logic
   3. a side-effect of other trimmed logic

The signal "XLXI_3/XLXI_6/XLXN_16" is unused and has been removed.
 Unused block "XLXI_3/XLXI_6/XLXI_3" (BUF) removed.
The signal "XLXI_3/XLXI_13/XLXN_17" is unused and has been removed.
 Unused block "XLXI_3/XLXI_13/XLXI_4" (BUF) removed.

Optimized Block(s):
TYPE 		BLOCK
VCC 		XLXI_1/XLXI_5
INV 		XLXI_3/XLXI_1/XLXI_1
AND4 		XLXI_3/XLXI_1/XLXI_24
AND4 		XLXI_3/XLXI_1/XLXI_6
INV 		XLXI_3/XLXI_13/XLXI_1
AND4 		XLXI_3/XLXI_13/XLXI_7
INV 		XLXI_3/XLXI_2/XLXI_1
AND4 		XLXI_3/XLXI_2/XLXI_6
AND3 		XLXI_3/XLXI_2/XLXI_8
INV 		XLXI_3/XLXI_3/XLXI_1
AND3 		XLXI_3/XLXI_3/XLXI_6
AND3 		XLXI_3/XLXI_3/XLXI_7
INV 		XLXI_3/XLXI_4/XLXI_1
AND4 		XLXI_3/XLXI_4/XLXI_6
INV 		XLXI_3/XLXI_5/XLXI_1
INV 		XLXI_3/XLXI_6/XLXI_1
AND4 		XLXI_3/XLXI_6/XLXI_8
GND 		XLXI_4

To enable printing of redundant blocks removed and signals merged, set the
detailed map report option and rerun map.

Section 6 - IOB Properties
--------------------------

+---------------------------------------------------------------------------------------------------------------------------------------------------------+
| IOB Name                           | Type             | Direction | IO Standard          | Diff  | Drive    | Slew | Reg (s)      | Resistor | IOB      |
|                                    |                  |           |                      | Term  | Strength | Rate |              |          | Delay    |
+---------------------------------------------------------------------------------------------------------------------------------------------------------+
| CK                                 | IOB              | INPUT     | LVCMOS25             |       |          |      |              |          |          |
| CLR                                | IOB              | INPUT     | LVCMOS25             |       |          |      |              |          |          |
| SET                                | IOB              | INPUT     | LVCMOS25             |       |          |      |              |          |          |
| bA                                 | IOB              | OUTPUT    | LVCMOS25             |       | 12       | SLOW |              |          |          |
| bB                                 | IOB              | OUTPUT    | LVCMOS25             |       | 12       | SLOW |              |          |          |
| bC                                 | IOB              | OUTPUT    | LVCMOS25             |       | 12       | SLOW |              |          |          |
| bD                                 | IOB              | OUTPUT    | LVCMOS25             |       | 12       | SLOW |              |          |          |
| bE                                 | IOB              | OUTPUT    | LVCMOS25             |       | 12       | SLOW |              |          |          |
| bF                                 | IOB              | OUTPUT    | LVCMOS25             |       | 12       | SLOW |              |          |          |
| bG                                 | IOB              | OUTPUT    | LVCMOS25             |       | 12       | SLOW |              |          |          |
+---------------------------------------------------------------------------------------------------------------------------------------------------------+

Section 7 - RPMs
----------------

Section 8 - Guide Report
------------------------
Guide not run on this design.

Section 9 - Area Group and Partition Summary
--------------------------------------------

Partition Implementation Status
-------------------------------

  No Partitions were found in this design.

-------------------------------

Area Group Information
----------------------

  No area groups were found in this design.

----------------------

Section 10 - Timing Report
--------------------------
A logic-level (pre-route) timing report can be generated by using Xilinx static
timing analysis tools, Timing Analyzer (GUI) or TRCE (command line), with the
mapped NCD and PCF files. Please note that this timing report will be generated
using estimated delay information. For accurate numbers, please generate a
timing report with the post Place and Route NCD file.

For more information about the Timing Analyzer, consult the Xilinx Timing
Analyzer Reference Manual; for more information about TRCE, consult the Xilinx
Command Line Tools User Guide "TRACE" chapter.

Section 11 - Configuration String Details
-----------------------------------------
Use the "-detail" map option to print out Configuration Strings

Section 12 - Control Set Information
------------------------------------
Use the "-detail" map option to print out Control Set Information.

Section 13 - Utilization by Hierarchy
-------------------------------------
Use the "-detail" map option to print out the Utilization by Hierarchy section.
