
****** PlanAhead v14.7 (64-bit)
  **** Build 321239 by xbuild on Fri Sep 27 19:29:51 MDT 2013
    ** Copyright 1986-1999, 2001-2013 Xilinx, Inc. All Rights Reserved.

INFO: [Common 17-78] Attempting to get a license: PlanAhead
INFO: [Common 17-290] Got license for PlanAhead
INFO: [Device 21-36] Loading parts and site information from C:/Xilinx/14.7/ISE_DS/PlanAhead/data/parts/arch.xml
Parsing RTL primitives file [C:/Xilinx/14.7/ISE_DS/PlanAhead/data/parts/xilinx/rtl/prims/rtl_prims.xml]
Finished parsing RTL primitives file [C:/Xilinx/14.7/ISE_DS/PlanAhead/data/parts/xilinx/rtl/prims/rtl_prims.xml]
start_gui
source C:/usr/FPGA3/Mod82/pa.fromHdl.tcl
# create_project -name Mod82 -dir "C:/usr/FPGA3/Mod82/planAhead_run_1" -part xc6slx9tqg144-3
# set_param project.pinAheadLayout yes
# set srcset [get_property srcset [current_run -impl]]
# set_property target_constrs_file "Mod82.ucf" [current_fileset -constrset]
Adding file 'C:/usr/FPGA3/Mod82/Mod82.ucf' to fileset 'constrs_1'
# set hdlfile [add_files [list {fnd7.vf}]]
# set_property file_type Verilog $hdlfile
# set_property library work $hdlfile
# set hdlfile [add_files [list {fnd6.vf}]]
# set_property file_type Verilog $hdlfile
# set_property library work $hdlfile
# set hdlfile [add_files [list {fnd5.vf}]]
# set_property file_type Verilog $hdlfile
# set_property library work $hdlfile
# set hdlfile [add_files [list {fnd4.vf}]]
# set_property file_type Verilog $hdlfile
# set_property library work $hdlfile
# set hdlfile [add_files [list {fnd3.vf}]]
# set_property file_type Verilog $hdlfile
# set_property library work $hdlfile
# set hdlfile [add_files [list {fnd2.vf}]]
# set_property file_type Verilog $hdlfile
# set_property library work $hdlfile
# set hdlfile [add_files [list {fnd1.vf}]]
# set_property file_type Verilog $hdlfile
# set_property library work $hdlfile
# set hdlfile [add_files [list {JK_FF_NE.vf}]]
# set_property file_type Verilog $hdlfile
# set_property library work $hdlfile
# set hdlfile [add_files [list {fnd0.vf}]]
# set_property file_type Verilog $hdlfile
# set_property library work $hdlfile
# set hdlfile [add_files [list {Mod82.vf}]]
# set_property file_type Verilog $hdlfile
# set_property library work $hdlfile
# set_property top Mod82 $srcset
# add_files [list {Mod82.ucf}] -fileset [get_property constrset [current_run]]
# open_rtl_design -part xc6slx9tqg144-3
Using Verific elaboration
Parsing VHDL file "C:/Xilinx/14.7/ISE_DS/PlanAhead/data/parts/xilinx/rtl/lib/synplify/synattr.vhd" into library synplify
Analyzing Verilog file "C:/usr/FPGA3/Mod82/Mod82.vf" into library work
Loading clock regions from C:/Xilinx/14.7/ISE_DS/PlanAhead/data\parts/xilinx/spartan6/spartan6lx/xc6slx9/ClockRegion.xml
Loading clock buffers from C:/Xilinx/14.7/ISE_DS/PlanAhead/data\parts/xilinx/spartan6/spartan6lx/xc6slx9/ClockBuffers.xml
Loading package pin functions from C:/Xilinx/14.7/ISE_DS/PlanAhead/data\parts/xilinx/spartan6/PinFunctions.xml...
Loading package from C:/Xilinx/14.7/ISE_DS/PlanAhead/data\parts/xilinx/spartan6/spartan6lx/xc6slx9/tqg144/Package.xml
Loading io standards from C:/Xilinx/14.7/ISE_DS/PlanAhead/data\./parts/xilinx/spartan6/IOStandards.xml
Loading device configuration modes from C:/Xilinx/14.7/ISE_DS/PlanAhead/data\parts/xilinx/spartan6/ConfigModes.xml
Loading list of drcs for the architecture : C:/Xilinx/14.7/ISE_DS/PlanAhead/data\./parts/xilinx/spartan6/drc.xml
Parsing UCF File [C:/usr/FPGA3/Mod82/Mod82.ucf]
Finished Parsing UCF File [C:/usr/FPGA3/Mod82/Mod82.ucf]
INFO: [Project 1-111] Unisim Transformation Summary:
No Unisim elements were transformed.

Phase 0 | Netlist Checksum: e49fc04c
open_rtl_design: Time (s): elapsed = 00:00:11 . Memory (MB): peak = 634.980 ; gain = 191.336
update_compile_order -fileset sim_1
startgroup
set_property package_pin P70 [get_ports CK]
endgroup
set_property package_pin "" [get_ports [list  SET]]
startgroup
set_property package_pin P74 [get_ports CK]
endgroup
startgroup
set_property package_pin P75 [get_ports CLR]
endgroup
startgroup
set_property package_pin P79 [get_ports SET]
endgroup
startgroup
set_property package_pin P102 [get_ports ba]
endgroup
set_property package_pin "" [get_ports [list  bb]]
startgroup
set_property package_pin P100 [get_ports bc]
endgroup
startgroup
set_property package_pin P101 [get_ports bb]
endgroup
startgroup
set_property package_pin P99 [get_ports bd]
endgroup
startgroup
set_property package_pin P97 [get_ports be]
endgroup
set_property package_pin "" [get_ports [list  bf]]
set_property is_loc_fixed false [get_ports [list  bb]]
startgroup
set_property package_pin P98 [get_ports be]
endgroup
startgroup
set_property package_pin P97 [get_ports bf]
endgroup
startgroup
set_property package_pin P95 [get_ports bg]
endgroup
set_property is_loc_fixed true [get_ports [list  bb]]
startgroup
set_property package_pin P101 [get_ports bb]
endgroup
save_constraints
