#-----------------------------------------------------------
# PlanAhead v14.7 (64-bit)
# Build 321239 by xbuild on Fri Sep 27 19:29:51 MDT 2013
# Start of session at: Wed Dec 01 11:29:41 2021
# Process ID: 6584
# Log file: C:/usr/FPGA3/MOD5_D/planAhead_run_1/planAhead.log
# Journal file: C:/usr/FPGA3/MOD5_D/planAhead_run_1/planAhead.jou
#-----------------------------------------------------------
INFO: [Common 17-78] Attempting to get a license: PlanAhead
INFO: [Common 17-290] Got license for PlanAhead
INFO: [Device 21-36] Loading parts and site information from C:/Xilinx/14.7/ISE_DS/PlanAhead/data/parts/arch.xml
Parsing RTL primitives file [C:/Xilinx/14.7/ISE_DS/PlanAhead/data/parts/xilinx/rtl/prims/rtl_prims.xml]
Finished parsing RTL primitives file [C:/Xilinx/14.7/ISE_DS/PlanAhead/data/parts/xilinx/rtl/prims/rtl_prims.xml]
start_gui
source C:/usr/FPGA3/MOD5_D/pa.fromHdl.tcl
# create_project -name MOD5_D -dir "C:/usr/FPGA3/MOD5_D/planAhead_run_1" -part xc6slx9tqg144-3
# set_param project.pinAheadLayout yes
# set srcset [get_property srcset [current_run -impl]]
# set_property target_constrs_file "Mod5_D.ucf" [current_fileset -constrset]
Adding file 'C:/usr/FPGA3/MOD5_D/Mod5_D.ucf' to fileset 'constrs_1'
# set hdlfile [add_files [list {JK_FF_NE.vf}]]
# set_property file_type Verilog $hdlfile
# set_property library work $hdlfile
# set hdlfile [add_files [list {fnd7.vf}]]
# set_property file_type Verilog $hdlfile
# set_property library work $hdlfile
# set hdlfile [add_files [list {fnd6.vf}]]
# set_property file_type Verilog $hdlfile
# set_property library work $hdlfile
# set hdlfile [add_files [list {fnd5.vf}]]
# set_property file_type Verilog $hdlfile
# set_property library work $hdlfile
# set hdlfile [add_files [list {fnd4.vf}]]
# set_property file_type Verilog $hdlfile
# set_property library work $hdlfile
# set hdlfile [add_files [list {fnd3.vf}]]
# set_property file_type Verilog $hdlfile
# set_property library work $hdlfile
# set hdlfile [add_files [list {fnd2.vf}]]
# set_property file_type Verilog $hdlfile
# set_property library work $hdlfile
# set hdlfile [add_files [list {fnd1.vf}]]
# set_property file_type Verilog $hdlfile
# set_property library work $hdlfile
# set hdlfile [add_files [list {Mod5.vf}]]
# set_property file_type Verilog $hdlfile
# set_property library work $hdlfile
# set hdlfile [add_files [list {fnd0.vf}]]
# set_property file_type Verilog $hdlfile
# set_property library work $hdlfile
# set hdlfile [add_files [list {Mod5_D.vf}]]
# set_property file_type Verilog $hdlfile
# set_property library work $hdlfile
# set_property top Mod5_D $srcset
# add_files [list {Mod5_D.ucf}] -fileset [get_property constrset [current_run]]
# open_rtl_design -part xc6slx9tqg144-3
Using Verific elaboration
Parsing VHDL file "C:/Xilinx/14.7/ISE_DS/PlanAhead/data/parts/xilinx/rtl/lib/synplify/synattr.vhd" into library synplify
Analyzing Verilog file "C:/usr/FPGA3/MOD5_D/Mod5_D.vf" into library work
Loading clock regions from C:/Xilinx/14.7/ISE_DS/PlanAhead/data\parts/xilinx/spartan6/spartan6lx/xc6slx9/ClockRegion.xml
Loading clock buffers from C:/Xilinx/14.7/ISE_DS/PlanAhead/data\parts/xilinx/spartan6/spartan6lx/xc6slx9/ClockBuffers.xml
Loading package pin functions from C:/Xilinx/14.7/ISE_DS/PlanAhead/data\parts/xilinx/spartan6/PinFunctions.xml...
Loading package from C:/Xilinx/14.7/ISE_DS/PlanAhead/data\parts/xilinx/spartan6/spartan6lx/xc6slx9/tqg144/Package.xml
Loading io standards from C:/Xilinx/14.7/ISE_DS/PlanAhead/data\./parts/xilinx/spartan6/IOStandards.xml
Loading device configuration modes from C:/Xilinx/14.7/ISE_DS/PlanAhead/data\parts/xilinx/spartan6/ConfigModes.xml
Loading list of drcs for the architecture : C:/Xilinx/14.7/ISE_DS/PlanAhead/data\./parts/xilinx/spartan6/drc.xml
Parsing UCF File [C:/usr/FPGA3/MOD5_D/Mod5_D.ucf]
Finished Parsing UCF File [C:/usr/FPGA3/MOD5_D/Mod5_D.ucf]
INFO: [Project 1-111] Unisim Transformation Summary:
No Unisim elements were transformed.

Phase 0 | Netlist Checksum: 5ddb3ab8
open_rtl_design: Time (s): elapsed = 00:00:10 . Memory (MB): peak = 636.211 ; gain = 170.203
update_compile_order -fileset sim_1
startgroup
set_property package_pin P74 [get_ports CK]
endgroup
startgroup
set_property package_pin P74 [get_ports CK]
endgroup
startgroup
set_property package_pin P79 [get_ports CLR]
endgroup
startgroup
set_property package_pin P75 [get_ports SET]
endgroup
startgroup
set_property package_pin P102 [get_ports bA]
endgroup
startgroup
set_property package_pin P101 [get_ports bB]
endgroup
startgroup
set_property package_pin P100 [get_ports bC]
endgroup
startgroup
set_property package_pin P99 [get_ports bD]
endgroup
startgroup
set_property package_pin P98 [get_ports bE]
endgroup
startgroup
set_property package_pin P97 [get_ports bF]
endgroup
startgroup
set_property package_pin P95 [get_ports bG]
endgroup
save_constraints
exit
ERROR: [PlanAhead 12-106] *** Exception: ui.h.b: Found deleted key in HTclEventBroker. Verify if the classes listed here call cleanup()
HTclEvent: DEBUG_CORE_CONFIG_CHANGE   Classes: ui.views.aR 
HTclEvent: SIGNAL_MODIFY   Classes: ui.views.aR 
HTclEvent: DEBUG_PORT_CONFIG_CHANGE   Classes: ui.views.aR 
HTclEvent: SIGNAL_BUS_MODIFY   Classes: ui.views.aR 
 (See C:/usr/FPGA3/MOD5_D\planAhead_pid6584.debug)
ERROR: [Common 17-39] 'stop_gui' failed due to earlier errors.
INFO: [Common 17-206] Exiting PlanAhead at Wed Dec 01 11:30:44 2021...
INFO: [Common 17-83] Releasing license: PlanAhead
