--------------------------------------------------------------------------------
Release 14.7 Trace  (nt64)
Copyright (c) 1995-2013 Xilinx, Inc.  All rights reserved.

C:\Xilinx\14.7\ISE_DS\ISE\bin\nt64\unwrapped\trce.exe -intstyle ise -v 3 -s 3
-n 3 -fastpaths -xml Mod4_A1.twx Mod4_A1.ncd -o Mod4_A1.twr Mod4_A1.pcf -ucf
Mod4_A1.ucf

Design file:              Mod4_A1.ncd
Physical constraint file: Mod4_A1.pcf
Device,package,speed:     xc6slx9,tqg144,C,-3 (PRODUCTION 1.23 2013-10-13)
Report level:             verbose report

Environment Variable      Effect 
--------------------      ------ 
NONE                      No environment variables were set
--------------------------------------------------------------------------------

INFO:Timing:2698 - No timing constraints found, doing default enumeration.
INFO:Timing:3412 - To improve timing, see the Timing Closure User Guide (UG612).
INFO:Timing:2752 - To get complete path coverage, use the unconstrained paths 
   option. All paths that are not constrained will be reported in the 
   unconstrained paths section(s) of the report.
INFO:Timing:3339 - The clock-to-out numbers in this timing report are based on 
   a 50 Ohm transmission line loading model.  For the details of this model, 
   and for more information on accounting for different loading conditions, 
   please see the device datasheet.



Data Sheet report:
-----------------
All values displayed in nanoseconds (ns)

Pad to Pad
---------------+---------------+---------+
Source Pad     |Destination Pad|  Delay  |
---------------+---------------+---------+
CK             |ba             |   14.924|
CK             |bb             |   15.314|
CK             |bc             |   14.864|
CK             |bd             |   15.092|
CK             |be             |   15.098|
CK             |bf             |   15.033|
CK             |bg             |   14.250|
CLR            |ba             |   13.084|
CLR            |bb             |   13.474|
CLR            |bc             |   13.024|
CLR            |bd             |   13.252|
CLR            |be             |   13.258|
CLR            |bf             |   13.193|
CLR            |bg             |   12.410|
SET            |ba             |   14.695|
SET            |bb             |   15.085|
SET            |bc             |   14.635|
SET            |bd             |   14.863|
SET            |be             |   14.869|
SET            |bf             |   14.804|
SET            |bg             |   14.021|
---------------+---------------+---------+


Analysis completed Wed Nov 24 10:43:49 2021 
--------------------------------------------------------------------------------

Trace Settings:
-------------------------
Trace Settings 

Peak Memory Usage: 4571 MB



