--------------------------------------------------------------------------------
Release 14.7 Trace  (nt64)
Copyright (c) 1995-2013 Xilinx, Inc.  All rights reserved.

C:\Xilinx\14.7\ISE_DS\ISE\bin\nt64\unwrapped\trce.exe -intstyle ise -v 3 -s 3
-n 3 -fastpaths -xml OneHz.twx OneHz.ncd -o OneHz.twr OneHz.pcf -ucf OneHz.ucf

Design file:              OneHz.ncd
Physical constraint file: OneHz.pcf
Device,package,speed:     xc6slx9,tqg144,C,-3 (PRODUCTION 1.23 2013-10-13)
Report level:             verbose report

Environment Variable      Effect 
--------------------      ------ 
NONE                      No environment variables were set
--------------------------------------------------------------------------------

INFO:Timing:2698 - No timing constraints found, doing default enumeration.
INFO:Timing:3412 - To improve timing, see the Timing Closure User Guide (UG612).
INFO:Timing:2752 - To get complete path coverage, use the unconstrained paths 
   option. All paths that are not constrained will be reported in the 
   unconstrained paths section(s) of the report.
INFO:Timing:3339 - The clock-to-out numbers in this timing report are based on 
   a 50 Ohm transmission line loading model.  For the details of this model, 
   and for more information on accounting for different loading conditions, 
   please see the device datasheet.



Data Sheet report:
-----------------
All values displayed in nanoseconds (ns)

Pad to Pad
---------------+---------------+---------+
Source Pad     |Destination Pad|  Delay  |
---------------+---------------+---------+
CK             |S1             |   96.799|
CK             |S01            |   86.474|
CK             |S001           |   74.447|
CK             |S10            |  107.766|
CLR            |S001           |   76.957|
CLR            |S1             |   99.309|
CLR            |S01            |   88.984|
CLR            |S10            |  110.276|
SET            |S01            |   87.450|
SET            |S1             |   97.775|
SET            |S001           |   75.423|
SET            |S10            |  108.742|
---------------+---------------+---------+


Analysis completed Wed Dec 01 15:35:22 2021 
--------------------------------------------------------------------------------

Trace Settings:
-------------------------
Trace Settings 

Peak Memory Usage: 4571 MB



