
****** PlanAhead v14.7 (64-bit)
  **** Build 321239 by xbuild on Fri Sep 27 19:29:51 MDT 2013
    ** Copyright 1986-1999, 2001-2013 Xilinx, Inc. All Rights Reserved.

INFO: [Common 17-78] Attempting to get a license: PlanAhead
INFO: [Common 17-290] Got license for PlanAhead
INFO: [Device 21-36] Loading parts and site information from C:/Xilinx/14.7/ISE_DS/PlanAhead/data/parts/arch.xml
Parsing RTL primitives file [C:/Xilinx/14.7/ISE_DS/PlanAhead/data/parts/xilinx/rtl/prims/rtl_prims.xml]
Finished parsing RTL primitives file [C:/Xilinx/14.7/ISE_DS/PlanAhead/data/parts/xilinx/rtl/prims/rtl_prims.xml]
start_gui
source C:/usr/FPGA3/OneHz/pa.fromHdl.tcl
# create_project -name OneHz -dir "C:/usr/FPGA3/OneHz/planAhead_run_1" -part xc6slx9tqg144-3
# set_param project.pinAheadLayout yes
# set srcset [get_property srcset [current_run -impl]]
# set_property target_constrs_file "OneHz.ucf" [current_fileset -constrset]
Adding file 'C:/usr/FPGA3/OneHz/OneHz.ucf' to fileset 'constrs_1'
# set hdlfile [add_files [list {JK_FF_NE.vf}]]
# set_property file_type Verilog $hdlfile
# set_property library work $hdlfile
# set hdlfile [add_files [list {Mod5.vf}]]
# set_property file_type Verilog $hdlfile
# set_property library work $hdlfile
# set hdlfile [add_files [list {Mod10.vf}]]
# set_property file_type Verilog $hdlfile
# set_property library work $hdlfile
# set hdlfile [add_files [list {OneHz.vf}]]
# set_property file_type Verilog $hdlfile
# set_property library work $hdlfile
# set_property top OneHz $srcset
# add_files [list {OneHz.ucf}] -fileset [get_property constrset [current_run]]
# open_rtl_design -part xc6slx9tqg144-3
Using Verific elaboration
Parsing VHDL file "C:/Xilinx/14.7/ISE_DS/PlanAhead/data/parts/xilinx/rtl/lib/synplify/synattr.vhd" into library synplify
Analyzing Verilog file "C:/usr/FPGA3/OneHz/OneHz.vf" into library work
Loading clock regions from C:/Xilinx/14.7/ISE_DS/PlanAhead/data\parts/xilinx/spartan6/spartan6lx/xc6slx9/ClockRegion.xml
Loading clock buffers from C:/Xilinx/14.7/ISE_DS/PlanAhead/data\parts/xilinx/spartan6/spartan6lx/xc6slx9/ClockBuffers.xml
Loading package pin functions from C:/Xilinx/14.7/ISE_DS/PlanAhead/data\parts/xilinx/spartan6/PinFunctions.xml...
Loading package from C:/Xilinx/14.7/ISE_DS/PlanAhead/data\parts/xilinx/spartan6/spartan6lx/xc6slx9/tqg144/Package.xml
Loading io standards from C:/Xilinx/14.7/ISE_DS/PlanAhead/data\./parts/xilinx/spartan6/IOStandards.xml
Loading device configuration modes from C:/Xilinx/14.7/ISE_DS/PlanAhead/data\parts/xilinx/spartan6/ConfigModes.xml
Loading list of drcs for the architecture : C:/Xilinx/14.7/ISE_DS/PlanAhead/data\./parts/xilinx/spartan6/drc.xml
Parsing UCF File [C:/usr/FPGA3/OneHz/OneHz.ucf]
Finished Parsing UCF File [C:/usr/FPGA3/OneHz/OneHz.ucf]
INFO: [Project 1-111] Unisim Transformation Summary:
No Unisim elements were transformed.

Phase 0 | Netlist Checksum: 763ecd8f
open_rtl_design: Time (s): elapsed = 00:00:10 . Memory (MB): peak = 659.727 ; gain = 202.223
update_compile_order -fileset sim_1
startgroup
set_property package_pin P55 [get_ports CK]
endgroup
startgroup
set_property package_pin P75 [get_ports CLR]
endgroup
set_property package_pin "" [get_ports [list  SET]]
startgroup
set_property package_pin P79 [get_ports CLR]
endgroup
startgroup
set_property package_pin P75 [get_ports SET]
endgroup
startgroup
set_property package_pin P23 [get_ports S1]
endgroup
startgroup
set_property package_pin P22 [get_ports S01]
endgroup
startgroup
set_property package_pin P24 [get_ports S10]
endgroup
startgroup
set_property package_pin P21 [get_ports S001]
endgroup
save_constraints
exit
ERROR: [Common 17-39] 'stop_gui' failed due to earlier errors.
INFO: [Common 17-206] Exiting PlanAhead at Wed Dec 01 15:40:05 2021...
INFO: [Common 17-83] Releasing license: PlanAhead
