--------------------------------------------------------------------------------
Release 14.7 Trace  (nt64)
Copyright (c) 1995-2013 Xilinx, Inc.  All rights reserved.

C:\Xilinx\14.7\ISE_DS\ISE\bin\nt64\unwrapped\trce.exe -intstyle ise -v 3 -s 3
-n 3 -fastpaths -xml Mod6.twx Mod6.ncd -o Mod6.twr Mod6.pcf -ucf Mod6.ucf

Design file:              Mod6.ncd
Physical constraint file: Mod6.pcf
Device,package,speed:     xc6slx9,tqg144,C,-3 (PRODUCTION 1.23 2013-10-13)
Report level:             verbose report

Environment Variable      Effect 
--------------------      ------ 
NONE                      No environment variables were set
--------------------------------------------------------------------------------

INFO:Timing:2698 - No timing constraints found, doing default enumeration.
INFO:Timing:3412 - To improve timing, see the Timing Closure User Guide (UG612).
INFO:Timing:2752 - To get complete path coverage, use the unconstrained paths 
   option. All paths that are not constrained will be reported in the 
   unconstrained paths section(s) of the report.
INFO:Timing:3339 - The clock-to-out numbers in this timing report are based on 
   a 50 Ohm transmission line loading model.  For the details of this model, 
   and for more information on accounting for different loading conditions, 
   please see the device datasheet.



Data Sheet report:
-----------------
All values displayed in nanoseconds (ns)

Pad to Pad
---------------+---------------+---------+
Source Pad     |Destination Pad|  Delay  |
---------------+---------------+---------+
CK             |ba             |   15.362|
CK             |bb             |   15.671|
CK             |bc             |   15.599|
CK             |bd             |   15.587|
CK             |be             |   15.378|
CK             |bf             |   15.442|
CK             |bg             |   14.189|
CLR            |ba             |   13.807|
CLR            |bb             |   14.116|
CLR            |bc             |   14.044|
CLR            |bd             |   14.032|
CLR            |be             |   13.823|
CLR            |bf             |   13.887|
CLR            |bg             |   12.634|
SET            |ba             |   15.654|
SET            |bb             |   15.963|
SET            |bc             |   15.891|
SET            |bd             |   15.879|
SET            |be             |   15.670|
SET            |bf             |   15.734|
SET            |bg             |   14.481|
---------------+---------------+---------+


Analysis completed Wed Dec 01 14:58:38 2021 
--------------------------------------------------------------------------------

Trace Settings:
-------------------------
Trace Settings 

Peak Memory Usage: 4571 MB



