#-----------------------------------------------------------
# PlanAhead v14.7 (64-bit)
# Build 321239 by xbuild on Fri Sep 27 19:29:51 MDT 2013
# Start of session at: Wed Oct 27 11:55:46 2021
# Process ID: 8196
# Log file: C:/usr/FPGA3/Fsub/planAhead_run_1/planAhead.log
# Journal file: C:/usr/FPGA3/Fsub/planAhead_run_1/planAhead.jou
#-----------------------------------------------------------
INFO: [Common 17-78] Attempting to get a license: PlanAhead
INFO: [Common 17-290] Got license for PlanAhead
INFO: [Device 21-36] Loading parts and site information from C:/Xilinx/14.7/ISE_DS/PlanAhead/data/parts/arch.xml
Parsing RTL primitives file [C:/Xilinx/14.7/ISE_DS/PlanAhead/data/parts/xilinx/rtl/prims/rtl_prims.xml]
Finished parsing RTL primitives file [C:/Xilinx/14.7/ISE_DS/PlanAhead/data/parts/xilinx/rtl/prims/rtl_prims.xml]
start_gui
source C:/usr/FPGA3/Fsub/pa.fromHdl.tcl
# create_project -name Fsub -dir "C:/usr/FPGA3/Fsub/planAhead_run_1" -part xc6slx9tqg144-3
# set_param project.pinAheadLayout yes
# set srcset [get_property srcset [current_run -impl]]
# set_property target_constrs_file "Fsub.ucf" [current_fileset -constrset]
Adding file 'C:/usr/FPGA3/Fsub/Fsub.ucf' to fileset 'constrs_1'
# set hdlfile [add_files [list {Fsub.vf}]]
# set_property file_type Verilog $hdlfile
# set_property library work $hdlfile
# set_property top Fsub $srcset
# add_files [list {Fsub.ucf}] -fileset [get_property constrset [current_run]]
# open_rtl_design -part xc6slx9tqg144-3
Using Verific elaboration
Parsing VHDL file "C:/Xilinx/14.7/ISE_DS/PlanAhead/data/parts/xilinx/rtl/lib/synplify/synattr.vhd" into library synplify
Analyzing Verilog file "C:/usr/FPGA3/Fsub/Fsub.vf" into library work
Loading clock regions from C:/Xilinx/14.7/ISE_DS/PlanAhead/data\parts/xilinx/spartan6/spartan6lx/xc6slx9/ClockRegion.xml
Loading clock buffers from C:/Xilinx/14.7/ISE_DS/PlanAhead/data\parts/xilinx/spartan6/spartan6lx/xc6slx9/ClockBuffers.xml
Loading package pin functions from C:/Xilinx/14.7/ISE_DS/PlanAhead/data\parts/xilinx/spartan6/PinFunctions.xml...
Loading package from C:/Xilinx/14.7/ISE_DS/PlanAhead/data\parts/xilinx/spartan6/spartan6lx/xc6slx9/tqg144/Package.xml
Loading io standards from C:/Xilinx/14.7/ISE_DS/PlanAhead/data\./parts/xilinx/spartan6/IOStandards.xml
Loading device configuration modes from C:/Xilinx/14.7/ISE_DS/PlanAhead/data\parts/xilinx/spartan6/ConfigModes.xml
Loading list of drcs for the architecture : C:/Xilinx/14.7/ISE_DS/PlanAhead/data\./parts/xilinx/spartan6/drc.xml
Parsing UCF File [C:/usr/FPGA3/Fsub/Fsub.ucf]
Finished Parsing UCF File [C:/usr/FPGA3/Fsub/Fsub.ucf]
INFO: [Project 1-111] Unisim Transformation Summary:
No Unisim elements were transformed.

Phase 0 | Netlist Checksum: b2cd9238
open_rtl_design: Time (s): elapsed = 00:00:09 . Memory (MB): peak = 653.719 ; gain = 200.496
update_compile_order -fileset sim_1
set_property package_pin "" [get_ports [list  A]]
startgroup
set_property package_pin P80 [get_ports A]
endgroup
startgroup
set_property package_pin P74 [get_ports B]
endgroup
startgroup
set_property package_pin P78 [get_ports K0]
endgroup
startgroup
set_property package_pin P24 [get_ports D]
endgroup
startgroup
set_property package_pin P23 [get_ports K]
endgroup
save_constraints
set_property package_pin "" [get_ports [list  K]]
startgroup
set_property package_pin P23 [get_ports D]
endgroup
startgroup
set_property package_pin P23 [get_ports D]
endgroup
startgroup
set_property package_pin P24 [get_ports K]
endgroup
save_constraints
exit
ERROR: [PlanAhead 12-106] *** Exception: ui.h.b: Found deleted key in HTclEventBroker. Verify if the classes listed here call cleanup()
HTclEvent: SIGNAL_MODIFY   Classes: ui.views.aR 
HTclEvent: SIGNAL_BUS_MODIFY   Classes: ui.views.aR 
HTclEvent: DEBUG_PORT_CONFIG_CHANGE   Classes: ui.views.aR 
HTclEvent: DEBUG_CORE_CONFIG_CHANGE   Classes: ui.views.aR 
 (See C:/usr/FPGA3/Fsub\planAhead_pid8196.debug)
ERROR: [Common 17-39] 'stop_gui' failed due to earlier errors.
INFO: [Common 17-206] Exiting PlanAhead at Wed Oct 27 11:58:41 2021...
INFO: [Common 17-83] Releasing license: PlanAhead
